[LOG] System::create                           : Header version = 2.02.11. Current version = 2.02.11.
[LOG] Manager::init                            : maxchannels = 256 studioflags = 00000006 flags 00000000 extradriverdata 0000000000000000.
[LOG] SystemI::init                            : Initialize version=20211 (130436), maxchannels=256, flags=0x00020000
[LOG] SystemI::setOutputInternal               : Setting output to 'FMOD WASAPI Output'
[LOG] OutputWASAPI::init                       : Mix Format (WAVEFORMATEX): wFormatTag=0xFFFE, nChannels=2, nSamplesPerSec=48000, nAvgBytesPerSec=384000, nBlockAlign=8, wBitsPerSample=32, cbSize=22.
[LOG] OutputWASAPI::init                       : Mix Format (WAVEFORMATEXTENSIBLE): wValidBitsPerSample=32, dwChannelMask=0x00000003, SubFormat=00000003-0000-0010-8000-00AA00389B71.
[LOG] OutputWASAPI::init                       : Output buffer size: 4096 samples, latency: 0.00ms, period: 10.00ms, DSP buffer: 1024 * 4
[LOG] Thread::initThread                       : Init FMOD stream thread. Affinity: 0x4000000000000003, Priority: 0xFFFF7FFB, Stack Size: 98304, Semaphore: No, Sleep Time: 10, Looping: Yes.
[LOG] Thread::initThread                       : Init FMOD mixer thread. Affinity: 0x4000000000000001, Priority: 0xFFFF7FFA, Stack Size: 81920, Semaphore: No, Sleep Time: 0, Looping: Yes.
[LOG] AsyncManager::init                       : manager 00000266A06AE988 isAsync 0 updatePeriod 0.02
[LOG] AsyncManager::init                       : done
[LOG] PlaybackSystem::init                     : 
[LOG] Thread::initThread                       : Init FMOD Studio sample load thread. Affinity: 0x4000000000000003, Priority: 0xFFFF7FFD, Stack Size: 98304, Semaphore: No, Sleep Time: 1, Looping: No.
[LOG] PlaybackSystem::init                     : done
[LOG] Thread::initThread                       : Init FMOD Studio bank load thread. Affinity: 0x4000000000000003, Priority: 0xFFFF7FFD, Stack Size: 98304, Semaphore: No, Sleep Time: 1, Looping: No.
[LOG] Manager::init                            : done.
[LOG] Manager::readBank                        : fileversion = 142, compatVersion = 140 (oldest = 44, newest = 142)
[LOG] Manager::readBank                        : fileversion = 142, compatVersion = 140 (oldest = 44, newest = 142)
[LOG] Manager::readBank                        : fileversion = 142, compatVersion = 140 (oldest = 44, newest = 142)
[LOG] PlaybackSystem::acquireMasterBus         : Setting master channel group format to 6
[LOG] SystemI::createSoundInternal             : Create name='', mode=0x02000202
[LOG] SystemI::createSoundInternal             : exinfo->cbsize             = 224
[LOG] SystemI::createSoundInternal             : exinfo->length             = 137152
[LOG] SystemI::createSoundInternal             : exinfo->fileoffset         = 4512
[LOG] SystemI::createSoundInternal             : exinfo->numsubsounds       = 1
[LOG] SystemI::createSoundInternal             : exinfo->inclusionlist      = 000000C41A74F2D8
[LOG] SystemI::createSoundInternal             : exinfo->inclusionlistnum   = 1
[LOG] SystemI::createSoundInternal             : exinfo->suggestedsoundtype = 5
[LOG] SystemI::createSoundInternal             : exinfo->useropen           = 00007FFECB693490
[LOG] SystemI::createSoundInternal             : exinfo->userclose          = 00007FFECB693450
[LOG] SystemI::createSoundInternal             : exinfo->userread           = 00007FFECB693570
[LOG] SystemI::createSoundInternal             : exinfo->userseek           = 00007FFECB693630
[LOG] SystemI::createSoundInternal             : exinfo->fileuserdata       = 00000265F1D40BD8
[LOG] SystemI::createSoundInternal             : exinfo->initialseekpostype = 1
[LOG] SystemI::DSPCodecPoolRegister            : register codec pool for pool type 5
[LOG] SystemI::createSoundInternal             : Sample 0/1: name='Footstep_5', format=5, channels=1, frequency=48000, lengthbytes=12448, lengthpcm=96000, pcmblocksize=0, loopstart=0, loopend=0, mode=0x00000000, channelmask=0x00000000, channelorder=0, peakvolume=0.346258.
[LOG] SystemI::createSoundInternal             : Create name='', mode=0x02000202
[LOG] SystemI::createSoundInternal             : exinfo->cbsize             = 224
[LOG] SystemI::createSoundInternal             : exinfo->length             = 137152
[LOG] SystemI::createSoundInternal             : exinfo->fileoffset         = 4512
[LOG] SystemI::createSoundInternal             : exinfo->numsubsounds       = 1
[LOG] SystemI::createSoundInternal             : exinfo->inclusionlist      = 000000C41A74F2D8
[LOG] SystemI::createSoundInternal             : exinfo->inclusionlistnum   = 1
[LOG] SystemI::createSoundInternal             : exinfo->suggestedsoundtype = 5
[LOG] SystemI::createSoundInternal             : exinfo->useropen           = 00007FFECB693490
[LOG] SystemI::createSoundInternal             : exinfo->userclose          = 00007FFECB693450
[LOG] SystemI::createSoundInternal             : exinfo->userread           = 00007FFECB693570
[LOG] SystemI::createSoundInternal             : exinfo->userseek           = 00007FFECB693630
[LOG] SystemI::createSoundInternal             : exinfo->fileuserdata       = 00000265F1D40BD8
[LOG] SystemI::createSoundInternal             : exinfo->initialseekpostype = 1
[LOG] SystemI::DSPCodecPoolRegister            : register codec pool for pool type 5
[LOG] SystemI::createSoundInternal             : Sample 0/1: name='Footstep_3', format=5, channels=1, frequency=48000, lengthbytes=13984, lengthpcm=96000, pcmblocksize=0, loopstart=0, loopend=0, mode=0x00000000, channelmask=0x00000000, channelorder=0, peakvolume=0.321875.
[LOG] SystemI::createSoundInternal             : Create name='', mode=0x02000202
[LOG] SystemI::createSoundInternal             : exinfo->cbsize             = 224
[LOG] SystemI::createSoundInternal             : exinfo->length             = 137152
[LOG] SystemI::createSoundInternal             : exinfo->fileoffset         = 4512
[LOG] SystemI::createSoundInternal             : exinfo->numsubsounds       = 1
[LOG] SystemI::createSoundInternal             : exinfo->inclusionlist      = 000000C41A74F2D8
[LOG] SystemI::createSoundInternal             : exinfo->inclusionlistnum   = 1
[LOG] SystemI::createSoundInternal             : exinfo->suggestedsoundtype = 5
[LOG] SystemI::createSoundInternal             : exinfo->useropen           = 00007FFECB693490
[LOG] SystemI::createSoundInternal             : exinfo->userclose          = 00007FFECB693450
[LOG] SystemI::createSoundInternal             : exinfo->userread           = 00007FFECB693570
[LOG] SystemI::createSoundInternal             : exinfo->userseek           = 00007FFECB693630
[LOG] SystemI::createSoundInternal             : exinfo->fileuserdata       = 00000265F1D40BD8
[LOG] SystemI::createSoundInternal             : exinfo->initialseekpostype = 1
[LOG] SystemI::DSPCodecPoolRegister            : register codec pool for pool type 5
[LOG] SystemI::createSoundInternal             : Sample 0/1: name='Footstep_10', format=5, channels=1, frequency=48000, lengthbytes=14496, lengthpcm=96000, pcmblocksize=0, loopstart=0, loopend=0, mode=0x00000000, channelmask=0x00000000, channelorder=0, peakvolume=0.279655.
[LOG] SystemI::createSoundInternal             : Create name='', mode=0x02000202
[LOG] SystemI::createSoundInternal             : exinfo->cbsize             = 224
[LOG] SystemI::createSoundInternal             : exinfo->length             = 137152
[LOG] SystemI::createSoundInternal             : exinfo->fileoffset         = 4512
[LOG] SystemI::createSoundInternal             : exinfo->numsubsounds       = 1
[LOG] SystemI::createSoundInternal             : exinfo->inclusionlist      = 000000C41A74F2D8
[LOG] SystemI::createSoundInternal             : exinfo->inclusionlistnum   = 1
[LOG] SystemI::createSoundInternal             : exinfo->suggestedsoundtype = 5
[LOG] SystemI::createSoundInternal             : exinfo->useropen           = 00007FFECB693490
[LOG] SystemI::createSoundInternal             : exinfo->userclose          = 00007FFECB693450
[LOG] SystemI::createSoundInternal             : exinfo->userread           = 00007FFECB693570
[LOG] SystemI::createSoundInternal             : exinfo->userseek           = 00007FFECB693630
[LOG] SystemI::createSoundInternal             : exinfo->fileuserdata       = 00000265F1D40BD8
[LOG] SystemI::createSoundInternal             : exinfo->initialseekpostype = 1
[LOG] SystemI::DSPCodecPoolRegister            : register codec pool for pool type 5
[LOG] SystemI::createSoundInternal             : Sample 0/1: name='Footstep_1', format=5, channels=1, frequency=48000, lengthbytes=14208, lengthpcm=96000, pcmblocksize=0, loopstart=0, loopend=0, mode=0x00000000, channelmask=0x00000000, channelorder=0, peakvolume=0.291936.
[LOG] SystemI::createSoundInternal             : Create name='', mode=0x02000202
[LOG] SystemI::createSoundInternal             : exinfo->cbsize             = 224
[LOG] SystemI::createSoundInternal             : exinfo->length             = 137152
[LOG] SystemI::createSoundInternal             : exinfo->fileoffset         = 4512
[LOG] SystemI::createSoundInternal             : exinfo->numsubsounds       = 1
[LOG] SystemI::createSoundInternal             : exinfo->inclusionlist      = 000000C41A74F2D8
[LOG] SystemI::createSoundInternal             : exinfo->inclusionlistnum   = 1
[LOG] SystemI::createSoundInternal             : exinfo->suggestedsoundtype = 5
[LOG] SystemI::createSoundInternal             : exinfo->useropen           = 00007FFECB693490
[LOG] SystemI::createSoundInternal             : exinfo->userclose          = 00007FFECB693450
[LOG] SystemI::createSoundInternal             : exinfo->userread           = 00007FFECB693570
[LOG] SystemI::createSoundInternal             : exinfo->userseek           = 00007FFECB693630
[LOG] SystemI::createSoundInternal             : exinfo->fileuserdata       = 00000265F1D40BD8
[LOG] SystemI::createSoundInternal             : exinfo->initialseekpostype = 1
[LOG] SystemI::DSPCodecPoolRegister            : register codec pool for pool type 5
[LOG] SystemI::createSoundInternal             : Sample 0/1: name='Footstep_8', format=5, channels=1, frequency=48000, lengthbytes=14656, lengthpcm=96000, pcmblocksize=0, loopstart=0, loopend=0, mode=0x00000000, channelmask=0x00000000, channelorder=0, peakvolume=0.330723.
[LOG] SystemI::createSoundInternal             : Create name='', mode=0x02000202
[LOG] SystemI::createSoundInternal             : exinfo->cbsize             = 224
[LOG] SystemI::createSoundInternal             : exinfo->length             = 137152
[LOG] SystemI::createSoundInternal             : exinfo->fileoffset         = 4512
[LOG] SystemI::createSoundInternal             : exinfo->numsubsounds       = 1
[LOG] SystemI::createSoundInternal             : exinfo->inclusionlist      = 000000C41A74F2D8
[LOG] SystemI::createSoundInternal             : exinfo->inclusionlistnum   = 1
[LOG] SystemI::createSoundInternal             : exinfo->suggestedsoundtype = 5
[LOG] SystemI::createSoundInternal             : exinfo->useropen           = 00007FFECB693490
[LOG] SystemI::createSoundInternal             : exinfo->userclose          = 00007FFECB693450
[LOG] SystemI::createSoundInternal             : exinfo->userread           = 00007FFECB693570
[LOG] SystemI::createSoundInternal             : exinfo->userseek           = 00007FFECB693630
[LOG] SystemI::createSoundInternal             : exinfo->fileuserdata       = 00000265F1D40BD8
[LOG] SystemI::createSoundInternal             : exinfo->initialseekpostype = 1
[LOG] SystemI::DSPCodecPoolRegister            : register codec pool for pool type 5
[LOG] SystemI::createSoundInternal             : Sample 0/1: name='Footstep_7', format=5, channels=1, frequency=48000, lengthbytes=12928, lengthpcm=96000, pcmblocksize=0, loopstart=0, loopend=0, mode=0x00000000, channelmask=0x00000000, channelorder=0, peakvolume=0.361255.
[LOG] SystemI::createSoundInternal             : Create name='', mode=0x02000202
[LOG] SystemI::createSoundInternal             : exinfo->cbsize             = 224
[LOG] SystemI::createSoundInternal             : exinfo->length             = 137152
[LOG] SystemI::createSoundInternal             : exinfo->fileoffset         = 4512
[LOG] SystemI::createSoundInternal             : exinfo->numsubsounds       = 1
[LOG] SystemI::createSoundInternal             : exinfo->inclusionlist      = 000000C41A74F2D8
[LOG] SystemI::createSoundInternal             : exinfo->inclusionlistnum   = 1
[LOG] SystemI::createSoundInternal             : exinfo->suggestedsoundtype = 5
[LOG] SystemI::createSoundInternal             : exinfo->useropen           = 00007FFECB693490
[LOG] SystemI::createSoundInternal             : exinfo->userclose          = 00007FFECB693450
[LOG] SystemI::createSoundInternal             : exinfo->userread           = 00007FFECB693570
[LOG] SystemI::createSoundInternal             : exinfo->userseek           = 00007FFECB693630
[LOG] SystemI::createSoundInternal             : exinfo->fileuserdata       = 00000265F1D40BD8
[LOG] SystemI::createSoundInternal             : exinfo->initialseekpostype = 1
[LOG] SystemI::DSPCodecPoolRegister            : register codec pool for pool type 5
[LOG] SystemI::createSoundInternal             : Sample 0/1: name='Footstep_2', format=5, channels=1, frequency=48000, lengthbytes=14272, lengthpcm=96000, pcmblocksize=0, loopstart=0, loopend=0, mode=0x00000000, channelmask=0x00000000, channelorder=0, peakvolume=0.291253.
[LOG] SystemI::createSoundInternal             : Create name='', mode=0x02000202
[LOG] SystemI::createSoundInternal             : exinfo->cbsize             = 224
[LOG] SystemI::createSoundInternal             : exinfo->length             = 137152
[LOG] SystemI::createSoundInternal             : exinfo->fileoffset         = 4512
[LOG] SystemI::createSoundInternal             : exinfo->numsubsounds       = 1
[LOG] SystemI::createSoundInternal             : exinfo->inclusionlist      = 000000C41A74F2D8
[LOG] SystemI::createSoundInternal             : exinfo->inclusionlistnum   = 1
[LOG] SystemI::createSoundInternal             : exinfo->suggestedsoundtype = 5
[LOG] SystemI::createSoundInternal             : exinfo->useropen           = 00007FFECB693490
[LOG] SystemI::createSoundInternal             : exinfo->userclose          = 00007FFECB693450
[LOG] SystemI::createSoundInternal             : exinfo->userread           = 00007FFECB693570
[LOG] SystemI::createSoundInternal             : exinfo->userseek           = 00007FFECB693630
[LOG] SystemI::createSoundInternal             : exinfo->fileuserdata       = 00000265F1D40BD8
[LOG] SystemI::createSoundInternal             : exinfo->initialseekpostype = 1
[LOG] SystemI::DSPCodecPoolRegister            : register codec pool for pool type 5
[LOG] SystemI::createSoundInternal             : Sample 0/1: name='Footstep_4', format=5, channels=1, frequency=48000, lengthbytes=14144, lengthpcm=96000, pcmblocksize=0, loopstart=0, loopend=0, mode=0x00000000, channelmask=0x00000000, channelorder=0, peakvolume=0.270917.
[LOG] SystemI::createSoundInternal             : Create name='', mode=0x02000202
[LOG] SystemI::createSoundInternal             : exinfo->cbsize             = 224
[LOG] SystemI::createSoundInternal             : exinfo->length             = 137152
[LOG] SystemI::createSoundInternal             : exinfo->fileoffset         = 4512
[LOG] SystemI::createSoundInternal             : exinfo->numsubsounds       = 1
[LOG] SystemI::createSoundInternal             : exinfo->inclusionlist      = 000000C41A74F2D8
[LOG] SystemI::createSoundInternal             : exinfo->inclusionlistnum   = 1
[LOG] SystemI::createSoundInternal             : exinfo->suggestedsoundtype = 5
[LOG] SystemI::createSoundInternal             : exinfo->useropen           = 00007FFECB693490
[LOG] SystemI::createSoundInternal             : exinfo->userclose          = 00007FFECB693450
[LOG] SystemI::createSoundInternal             : exinfo->userread           = 00007FFECB693570
[LOG] SystemI::createSoundInternal             : exinfo->userseek           = 00007FFECB693630
[LOG] SystemI::createSoundInternal             : exinfo->fileuserdata       = 00000265F1D40BD8
[LOG] SystemI::createSoundInternal             : exinfo->initialseekpostype = 1
[LOG] SystemI::DSPCodecPoolRegister            : register codec pool for pool type 5
[LOG] SystemI::createSoundInternal             : Sample 0/1: name='Footstep_9', format=5, channels=1, frequency=48000, lengthbytes=13696, lengthpcm=96000, pcmblocksize=0, loopstart=0, loopend=0, mode=0x00000000, channelmask=0x00000000, channelorder=0, peakvolume=0.298226.
[LOG] SystemI::createSoundInternal             : Create name='', mode=0x02000202
[LOG] SystemI::createSoundInternal             : exinfo->cbsize             = 224
[LOG] SystemI::createSoundInternal             : exinfo->length             = 137152
[LOG] SystemI::createSoundInternal             : exinfo->fileoffset         = 4512
[LOG] SystemI::createSoundInternal             : exinfo->numsubsounds       = 1
[LOG] SystemI::createSoundInternal             : exinfo->inclusionlist      = 000000C41A74F2D8
[LOG] SystemI::createSoundInternal             : exinfo->inclusionlistnum   = 1
[LOG] SystemI::createSoundInternal             : exinfo->suggestedsoundtype = 5
[LOG] SystemI::createSoundInternal             : exinfo->useropen           = 00007FFECB693490
[LOG] SystemI::createSoundInternal             : exinfo->userclose          = 00007FFECB693450
[LOG] SystemI::createSoundInternal             : exinfo->userread           = 00007FFECB693570
[LOG] SystemI::createSoundInternal             : exinfo->userseek           = 00007FFECB693630
[LOG] SystemI::createSoundInternal             : exinfo->fileuserdata       = 00000265F1D40BD8
[LOG] SystemI::createSoundInternal             : exinfo->initialseekpostype = 1
[LOG] SystemI::DSPCodecPoolRegister            : register codec pool for pool type 5
[LOG] SystemI::createSoundInternal             : Sample 0/1: name='Footstep_6', format=5, channels=1, frequency=48000, lengthbytes=11648, lengthpcm=72000, pcmblocksize=0, loopstart=0, loopend=0, mode=0x00000000, channelmask=0x00000000, channelorder=0, peakvolume=0.265231.
[LOG] SoundI::release                          :  (00000263F66A7BB8)
[LOG] SoundI::release                          :     Footstep_1 (00000265CAD061B8)
[LOG] SoundI::release                          :  (000002667884BBB8)
[LOG] SoundI::release                          :     Footstep_10 (00000265F258C408)
[LOG] SoundI::release                          :  (00000263F66A7A48)
[LOG] SoundI::release                          :     Footstep_2 (00000265CAD064F8)
[LOG] SoundI::release                          :  (000002667884B8D8)
[LOG] SoundI::release                          :     Footstep_3 (00000265F258ABA8)
[LOG] SoundI::release                          :  (00000263F66A75F8)
[LOG] SoundI::release                          :     Footstep_4 (00000265CAD07398)
[LOG] SoundI::release                          :  (000002667884B768)
[LOG] SoundI::release                          :     Footstep_5 (00000265F258B8A8)
[LOG] SoundI::release                          :  (00000263F66A78D8)
[LOG] SoundI::release                          :     Footstep_6 (000002659C46C218)
[LOG] SoundI::release                          :  (00000263F66A7D28)
[LOG] SoundI::release                          :     Footstep_7 (00000265CAD023F8)
[LOG] SoundI::release                          :  (00000263F66A7768)
[LOG] SoundI::release                          :     Footstep_8 (00000265CAD04C98)
[LOG] SoundI::release                          :  (00000263F66A7318)
[LOG] SoundI::release                          :     Footstep_9 (000002659C46C078)
[LOG] Thread::callback                         : FMOD Studio bank load thread finished.
[LOG] Thread::callback                         : FMOD Studio sample load thread finished.
[LOG] LiveUpdate::release                      : 
[LOG] LiveUpdate::reset                        : Reset connection (reason Disconnected)
[LOG] Thread::callback                         : FMOD stream thread finished.
[LOG] Thread::callback                         : FMOD mixer thread finished.
[LOG] SystemI::close                           : Closed.
